#! /c/Source/iverilog-install/bin/vvp
:ivl_version "12.0 (devel)" "(s20150603-1539-g2693dd32b)";
:ivl_delay_selection "TYPICAL";
:vpi_time_precision + 0;
:vpi_module "D:\iverilog\lib\ivl\system.vpi";
:vpi_module "D:\iverilog\lib\ivl\vhdl_sys.vpi";
:vpi_module "D:\iverilog\lib\ivl\vhdl_textio.vpi";
:vpi_module "D:\iverilog\lib\ivl\v2005_math.vpi";
:vpi_module "D:\iverilog\lib\ivl\va_math.vpi";
S_000001a864c02d20 .scope module, "water_led" "water_led" 2 1;
 .timescale 0 0;
    .port_info 0 /INPUT 1 "sys_clk";
    .port_info 1 /INPUT 1 "sys_rst_n";
    .port_info 2 /OUTPUT 4 "led";
P_000001a864c36520 .param/l "CNT_IS_MAX" 1 2 7, C4<10111110101111000010000000>;
v000001a864c03380_0 .var "cnt_1s", 25 0;
v000001a864beee90_0 .var "led", 3 0;
o000001a864c37008 .functor BUFZ 1, C4<z>; HiZ drive
v000001a864beef30_0 .net "sys_clk", 0 0, o000001a864c37008;  0 drivers
o000001a864c37038 .functor BUFZ 1, C4<z>; HiZ drive
v000001a864c02eb0_0 .net "sys_rst_n", 0 0, o000001a864c37038;  0 drivers
E_000001a864c35d20/0 .event negedge, v000001a864c02eb0_0;
E_000001a864c35d20/1 .event posedge, v000001a864beef30_0;
E_000001a864c35d20 .event/or E_000001a864c35d20/0, E_000001a864c35d20/1;
    .scope S_000001a864c02d20;
T_0 ;
    %pushi/vec4 1, 0, 4;
    %store/vec4 v000001a864beee90_0, 0, 4;
    %end;
    .thread T_0;
    .scope S_000001a864c02d20;
T_1 ;
    %wait E_000001a864c35d20;
    %load/vec4 v000001a864c02eb0_0;
    %cmpi/e 0, 0, 1;
    %jmp/0xz  T_1.0, 4;
    %pushi/vec4 0, 0, 26;
    %assign/vec4 v000001a864c03380_0, 0;
    %jmp T_1.1;
T_1.0 ;
    %load/vec4 v000001a864c03380_0;
    %cmpi/e 49999999, 0, 26;
    %jmp/0xz  T_1.2, 4;
    %pushi/vec4 0, 0, 26;
    %assign/vec4 v000001a864c03380_0, 0;
    %jmp T_1.3;
T_1.2 ;
    %load/vec4 v000001a864c03380_0;
    %addi 1, 0, 26;
    %assign/vec4 v000001a864c03380_0, 0;
T_1.3 ;
T_1.1 ;
    %jmp T_1;
    .thread T_1;
    .scope S_000001a864c02d20;
T_2 ;
    %wait E_000001a864c35d20;
    %load/vec4 v000001a864c02eb0_0;
    %cmpi/e 0, 0, 1;
    %jmp/0xz  T_2.0, 4;
    %pushi/vec4 1, 0, 4;
    %assign/vec4 v000001a864beee90_0, 0;
    %jmp T_2.1;
T_2.0 ;
    %load/vec4 v000001a864c03380_0;
    %cmpi/e 49999999, 0, 26;
    %flag_get/vec4 4;
    %jmp/0 T_2.4, 4;
    %load/vec4 v000001a864beee90_0;
    %pushi/vec4 8, 0, 4;
    %cmp/e;
    %flag_get/vec4 4;
    %and;
T_2.4;
    %flag_set/vec4 8;
    %jmp/0xz  T_2.2, 8;
    %pushi/vec4 1, 0, 4;
    %assign/vec4 v000001a864beee90_0, 0;
    %jmp T_2.3;
T_2.2 ;
    %load/vec4 v000001a864c03380_0;
    %cmpi/e 49999999, 0, 26;
    %jmp/0xz  T_2.5, 4;
    %load/vec4 v000001a864beee90_0;
    %ix/load 4, 1, 0;
    %flag_set/imm 4, 0;
    %shiftl 4;
    %assign/vec4 v000001a864beee90_0, 0;
    %jmp T_2.6;
T_2.5 ;
    %load/vec4 v000001a864beee90_0;
    %assign/vec4 v000001a864beee90_0, 0;
T_2.6 ;
T_2.3 ;
T_2.1 ;
    %jmp T_2;
    .thread T_2;
# The file index is used to find the file name in the following table.
:file_names 3;
    "N/A";
    "<interactive>";
    "water_led.v";
